# JRE version: OpenJDK Runtime Environment (8.0_242-b01) (build 1.8.0_242-release-1644-b01)
# Java VM: OpenJDK 64-Bit Server VM (25.242-b01 mixed mode windows-amd64 compressed oops)
Heap:
 PSYoungGen      total 591872K, used 87261K [0x00000000d5580000, 0x0000000100000000, 0x0000000100000000)
  eden space 510464K, 16% used [0x00000000d5580000,0x00000000da920ea0,0x00000000f4800000)
  from space 81408K, 1% used [0x00000000f4800000,0x00000000f4996810,0x00000000f9780000)
  to   space 107008K, 0% used [0x00000000f9780000,0x00000000f9780000,0x0000000100000000)
 ParOldGen       total 219136K, used 219012K [0x0000000080000000, 0x000000008d600000, 0x00000000d5580000)
  object space 219136K, 99% used [0x0000000080000000,0x000000008d5e1230,0x000000008d600000)
 Metaspace       used 137055K, capacity 143518K, committed 143768K, reserved 1175552K
  class space    used 17256K, capacity 18599K, committed 18608K, reserved 1048576K
GC Heap History (10 events):
Event: 1001.719 GC heap before
{Heap before GC invocations=25 (full 5):
 PSYoungGen      total 485376K, used 432640K [0x00000000d5580000, 0x00000000f9a80000, 0x0000000100000000)
  eden space 432640K, 100% used [0x00000000d5580000,0x00000000efc00000,0x00000000efc00000)
  from space 52736K, 0% used [0x00000000efc00000,0x00000000efc00000,0x00000000f2f80000)
  to   space 55808K, 0% used [0x00000000f6400000,0x00000000f6400000,0x00000000f9a80000)
 ParOldGen       total 211968K, used 87613K [0x0000000080000000, 0x000000008cf00000, 0x00000000d5580000)
  object space 211968K, 41% used [0x0000000080000000,0x000000008558f660,0x000000008cf00000)
 Metaspace       used 126027K, capacity 132314K, committed 132376K, reserved 1165312K
  class space    used 16107K, capacity 17419K, committed 17456K, reserved 1048576K
Event: 1001.763 GC heap after
Heap after GC invocations=25 (full 5):
 PSYoungGen      total 537088K, used 28177K [0x00000000d5580000, 0x00000000f9800000, 0x0000000100000000)
  eden space 483840K, 0% used [0x00000000d5580000,0x00000000d5580000,0x00000000f2e00000)
  from space 53248K, 52% used [0x00000000f6400000,0x00000000f7f84488,0x00000000f9800000)
  to   space 54272K, 0% used [0x00000000f2e00000,0x00000000f2e00000,0x00000000f6300000)
 ParOldGen       total 211968K, used 87621K [0x0000000080000000, 0x000000008cf00000, 0x00000000d5580000)
  object space 211968K, 41% used [0x0000000080000000,0x0000000085591660,0x000000008cf00000)
 Metaspace       used 126027K, capacity 132314K, committed 132376K, reserved 1165312K
  class space    used 16107K, capacity 17419K, committed 17456K, reserved 1048576K
}
Event: 1008.809 GC heap before
{Heap before GC invocations=26 (full 5):
 PSYoungGen      total 537088K, used 512017K [0x00000000d5580000, 0x00000000f9800000, 0x0000000100000000)
  eden space 483840K, 100% used [0x00000000d5580000,0x00000000f2e00000,0x00000000f2e00000)
  from space 53248K, 52% used [0x00000000f6400000,0x00000000f7f84488,0x00000000f9800000)
  to   space 54272K, 0% used [0x00000000f2e00000,0x00000000f2e00000,0x00000000f6300000)
 ParOldGen       total 211968K, used 87621K [0x0000000080000000, 0x000000008cf00000, 0x00000000d5580000)
  object space 211968K, 41% used [0x0000000080000000,0x0000000085591660,0x000000008cf00000)
 Metaspace       used 128018K, capacity 134382K, committed 134552K, reserved 1167360K
  class space    used 16270K, capacity 17575K, committed 17584K, reserved 1048576K
Event: 1008.846 GC heap after
Heap after GC invocations=26 (full 5):
 PSYoungGen      total 538112K, used 34643K [0x00000000d5580000, 0x00000000fce00000, 0x0000000100000000)
  eden space 483840K, 0% used [0x00000000d5580000,0x00000000d5580000,0x00000000f2e00000)
  from space 54272K, 63% used [0x00000000f2e00000,0x00000000f4fd4c28,0x00000000f6300000)
  to   space 55808K, 0% used [0x00000000f9780000,0x00000000f9780000,0x00000000fce00000)
 ParOldGen       total 211968K, used 87629K [0x0000000080000000, 0x000000008cf00000, 0x00000000d5580000)
  object space 211968K, 41% used [0x0000000080000000,0x0000000085593660,0x000000008cf00000)
 Metaspace       used 128018K, capacity 134382K, committed 134552K, reserved 1167360K
  class space    used 16270K, capacity 17575K, committed 17584K, reserved 1048576K
}
Event: 1014.136 GC heap before
{Heap before GC invocations=27 (full 5):
 PSYoungGen      total 538112K, used 518483K [0x00000000d5580000, 0x00000000fce00000, 0x0000000100000000)
  eden space 483840K, 100% used [0x00000000d5580000,0x00000000f2e00000,0x00000000f2e00000)
  from space 54272K, 63% used [0x00000000f2e00000,0x00000000f4fd4c28,0x00000000f6300000)
  to   space 55808K, 0% used [0x00000000f9780000,0x00000000f9780000,0x00000000fce00000)
 ParOldGen       total 211968K, used 87629K [0x0000000080000000, 0x000000008cf00000, 0x00000000d5580000)
  object space 211968K, 41% used [0x0000000080000000,0x0000000085593660,0x000000008cf00000)
 Metaspace       used 132158K, capacity 138634K, committed 138904K, reserved 1169408K
  class space    used 16696K, capacity 18031K, committed 18096K, reserved 1048576K
Event: 1014.242 GC heap after
Heap after GC invocations=27 (full 5):
 PSYoungGen      total 566272K, used 55807K [0x00000000d5580000, 0x0000000100000000, 0x0000000100000000)
  eden space 510464K, 0% used [0x00000000d5580000,0x00000000d5580000,0x00000000f4800000)
  from space 55808K, 99% used [0x00000000f9780000,0x00000000fcdfff20,0x00000000fce00000)
  to   space 81408K, 0% used [0x00000000f4800000,0x00000000f4800000,0x00000000f9780000)
 ParOldGen       total 211968K, used 133976K [0x0000000080000000, 0x000000008cf00000, 0x00000000d5580000)
  object space 211968K, 63% used [0x0000000080000000,0x00000000882d63c0,0x000000008cf00000)
 Metaspace       used 132158K, capacity 138634K, committed 138904K, reserved 1169408K
  class space    used 16696K, capacity 18031K, committed 18096K, reserved 1048576K
}
Event: 1019.024 GC heap before
{Heap before GC invocations=28 (full 5):
 PSYoungGen      total 566272K, used 566257K [0x00000000d5580000, 0x0000000100000000, 0x0000000100000000)
  eden space 510464K, 99% used [0x00000000d5580000,0x00000000f47fc5f8,0x00000000f4800000)
  from space 55808K, 99% used [0x00000000f9780000,0x00000000fcdfff20,0x00000000fce00000)
  to   space 81408K, 0% used [0x00000000f4800000,0x00000000f4800000,0x00000000f9780000)
 ParOldGen       total 211968K, used 133976K [0x0000000080000000, 0x000000008cf00000, 0x00000000d5580000)
  object space 211968K, 63% used [0x0000000080000000,0x00000000882d63c0,0x000000008cf00000)
 Metaspace       used 137055K, capacity 143518K, committed 143768K, reserved 1175552K
  class space    used 17256K, capacity 18599K, committed 18608K, reserved 1048576K
Event: 1019.525 GC heap after
Heap after GC invocations=28 (full 5):
 PSYoungGen      total 591872K, used 81377K [0x00000000d5580000, 0x0000000100000000, 0x0000000100000000)
  eden space 510464K, 0% used [0x00000000d5580000,0x00000000d5580000,0x00000000f4800000)
  from space 81408K, 99% used [0x00000000f4800000,0x00000000f9778610,0x00000000f9780000)
  to   space 107008K, 0% used [0x00000000f9780000,0x00000000f9780000,0x0000000100000000)
 ParOldGen       total 219136K, used 219097K [0x0000000080000000, 0x000000008d600000, 0x00000000d5580000)
  object space 219136K, 99% used [0x0000000080000000,0x000000008d5f6598,0x000000008d600000)
 Metaspace       used 137055K, capacity 143518K, committed 143768K, reserved 1175552K
  class space    used 17256K, capacity 18599K, committed 18608K, reserved 1048576K
}
Event: 1019.525 GC heap before
{Heap before GC invocations=29 (full 6):
 PSYoungGen      total 591872K, used 81377K [0x00000000d5580000, 0x0000000100000000, 0x0000000100000000)
  eden space 510464K, 0% used [0x00000000d5580000,0x00000000d5580000,0x00000000f4800000)
  from space 81408K, 99% used [0x00000000f4800000,0x00000000f9778610,0x00000000f9780000)
  to   space 107008K, 0% used [0x00000000f9780000,0x00000000f9780000,0x0000000100000000)
 ParOldGen       total 219136K, used 219097K [0x0000000080000000, 0x000000008d600000, 0x00000000d5580000)
  object space 219136K, 99% used [0x0000000080000000,0x000000008d5f6598,0x000000008d600000)
 Metaspace       used 137055K, capacity 143518K, committed 143768K, reserved 1175552K
  class space    used 17256K, capacity 18599K, committed 18608K, reserved 1048576K
Event: 1021.789 GC heap after
Heap after GC invocations=29 (full 6):
 PSYoungGen      total 591872K, used 1626K [0x00000000d5580000, 0x0000000100000000, 0x0000000100000000)
  eden space 510464K, 0% used [0x00000000d5580000,0x00000000d5580000,0x00000000f4800000)
  from space 81408K, 1% used [0x00000000f4800000,0x00000000f4996810,0x00000000f9780000)
  to   space 107008K, 0% used [0x00000000f9780000,0x00000000f9780000,0x0000000100000000)
 ParOldGen       total 219136K, used 219012K [0x0000000080000000, 0x000000008d600000, 0x00000000d5580000)
  object space 219136K, 99% used [0x0000000080000000,0x000000008d5e1230,0x000000008d600000)
 Metaspace       used 137055K, capacity 143518K, committed 143768K, reserved 1175552K
  class space    used 17256K, capacity 18599K, committed 18608K, reserved 1048576K
}

