# JRE version: OpenJDK Runtime Environment (8.0_242-b01) (build 1.8.0_242-release-1644-b01)
# Java VM: OpenJDK 64-Bit Server VM (25.242-b01 mixed mode windows-amd64 compressed oops)
Heap:
 PSYoungGen      total 622592K, used 289867K [0x00000000d5580000, 0x0000000100000000, 0x0000000100000000)
  eden space 546304K, 53% used [0x00000000d5580000,0x00000000e7092e20,0x00000000f6b00000)
  from space 76288K, 0% used [0x00000000f6b00000,0x00000000f6b00000,0x00000000fb580000)
  to   space 72192K, 0% used [0x00000000fb980000,0x00000000fb980000,0x0000000100000000)
 ParOldGen       total 291840K, used 86684K [0x0000000080000000, 0x0000000091d00000, 0x00000000d5580000)
  object space 291840K, 29% used [0x0000000080000000,0x00000000854a71b8,0x0000000091d00000)
 Metaspace       used 110427K, capacity 115032K, committed 115352K, reserved 1148928K
  class space    used 14027K, capacity 14923K, committed 15024K, reserved 1048576K
GC Heap History (10 events):
Event: 67.658 GC heap before
{Heap before GC invocations=16 (full 3):
 PSYoungGen      total 558080K, used 281753K [0x00000000d5580000, 0x00000000fa080000, 0x0000000100000000)
  eden space 528384K, 47% used [0x00000000d5580000,0x00000000e4ba9360,0x00000000f5980000)
  from space 29696K, 99% used [0x00000000f8380000,0x00000000fa07d2c0,0x00000000fa080000)
  to   space 34816K, 0% used [0x00000000f5c80000,0x00000000f5c80000,0x00000000f7e80000)
 ParOldGen       total 135680K, used 59617K [0x0000000080000000, 0x0000000088480000, 0x00000000d5580000)
  object space 135680K, 43% used [0x0000000080000000,0x0000000083a385e8,0x0000000088480000)
 Metaspace       used 94643K, capacity 98496K, committed 98600K, reserved 1134592K
  class space    used 12150K, capacity 12935K, committed 12976K, reserved 1048576K
Event: 67.724 GC heap after
Heap after GC invocations=16 (full 3):
 PSYoungGen      total 566272K, used 29352K [0x00000000d5580000, 0x00000000ff680000, 0x0000000100000000)
  eden space 531456K, 0% used [0x00000000d5580000,0x00000000d5580000,0x00000000f5c80000)
  from space 34816K, 84% used [0x00000000f5c80000,0x00000000f792a0b0,0x00000000f7e80000)
  to   space 38400K, 0% used [0x00000000fd100000,0x00000000fd100000,0x00000000ff680000)
 ParOldGen       total 135680K, used 80160K [0x0000000080000000, 0x0000000088480000, 0x00000000d5580000)
  object space 135680K, 59% used [0x0000000080000000,0x0000000084e48100,0x0000000088480000)
 Metaspace       used 94643K, capacity 98496K, committed 98600K, reserved 1134592K
  class space    used 12150K, capacity 12935K, committed 12976K, reserved 1048576K
}
Event: 67.724 GC heap before
{Heap before GC invocations=17 (full 4):
 PSYoungGen      total 566272K, used 29352K [0x00000000d5580000, 0x00000000ff680000, 0x0000000100000000)
  eden space 531456K, 0% used [0x00000000d5580000,0x00000000d5580000,0x00000000f5c80000)
  from space 34816K, 84% used [0x00000000f5c80000,0x00000000f792a0b0,0x00000000f7e80000)
  to   space 38400K, 0% used [0x00000000fd100000,0x00000000fd100000,0x00000000ff680000)
 ParOldGen       total 135680K, used 80160K [0x0000000080000000, 0x0000000088480000, 0x00000000d5580000)
  object space 135680K, 59% used [0x0000000080000000,0x0000000084e48100,0x0000000088480000)
 Metaspace       used 94643K, capacity 98496K, committed 98600K, reserved 1134592K
  class space    used 12150K, capacity 12935K, committed 12976K, reserved 1048576K
Event: 68.102 GC heap after
Heap after GC invocations=17 (full 4):
 PSYoungGen      total 566272K, used 0K [0x00000000d5580000, 0x00000000ff680000, 0x0000000100000000)
  eden space 531456K, 0% used [0x00000000d5580000,0x00000000d5580000,0x00000000f5c80000)
  from space 34816K, 0% used [0x00000000f5c80000,0x00000000f5c80000,0x00000000f7e80000)
  to   space 38400K, 0% used [0x00000000fd100000,0x00000000fd100000,0x00000000ff680000)
 ParOldGen       total 235520K, used 93998K [0x0000000080000000, 0x000000008e600000, 0x00000000d5580000)
  object space 235520K, 39% used [0x0000000080000000,0x0000000085bcbbf8,0x000000008e600000)
 Metaspace       used 94579K, capacity 98306K, committed 98600K, reserved 1134592K
  class space    used 12131K, capacity 12900K, committed 12976K, reserved 1048576K
}
Event: 71.843 GC heap before
{Heap before GC invocations=18 (full 4):
 PSYoungGen      total 566272K, used 531026K [0x00000000d5580000, 0x00000000ff680000, 0x0000000100000000)
  eden space 531456K, 99% used [0x00000000d5580000,0x00000000f5c148f0,0x00000000f5c80000)
  from space 34816K, 0% used [0x00000000f5c80000,0x00000000f5c80000,0x00000000f7e80000)
  to   space 38400K, 0% used [0x00000000fd100000,0x00000000fd100000,0x00000000ff680000)
 ParOldGen       total 235520K, used 93998K [0x0000000080000000, 0x000000008e600000, 0x00000000d5580000)
  object space 235520K, 39% used [0x0000000080000000,0x0000000085bcbbf8,0x000000008e600000)
 Metaspace       used 108565K, capacity 112778K, committed 113048K, reserved 1146880K
  class space    used 13883K, capacity 14756K, committed 14768K, reserved 1048576K
Event: 72.021 GC heap after
Heap after GC invocations=18 (full 4):
 PSYoungGen      total 584704K, used 38378K [0x00000000d5580000, 0x0000000100000000, 0x0000000100000000)
  eden space 546304K, 0% used [0x00000000d5580000,0x00000000d5580000,0x00000000f6b00000)
  from space 38400K, 99% used [0x00000000fd100000,0x00000000ff67aa68,0x00000000ff680000)
  to   space 76288K, 0% used [0x00000000f6b00000,0x00000000f6b00000,0x00000000fb580000)
 ParOldGen       total 235520K, used 180782K [0x0000000080000000, 0x000000008e600000, 0x00000000d5580000)
  object space 235520K, 76% used [0x0000000080000000,0x000000008b08b890,0x000000008e600000)
 Metaspace       used 108565K, capacity 112778K, committed 113048K, reserved 1146880K
  class space    used 13883K, capacity 14756K, committed 14768K, reserved 1048576K
}
Event: 351.845 GC heap before
{Heap before GC invocations=19 (full 4):
 PSYoungGen      total 584704K, used 584682K [0x00000000d5580000, 0x0000000100000000, 0x0000000100000000)
  eden space 546304K, 100% used [0x00000000d5580000,0x00000000f6b00000,0x00000000f6b00000)
  from space 38400K, 99% used [0x00000000fd100000,0x00000000ff67aa68,0x00000000ff680000)
  to   space 76288K, 0% used [0x00000000f6b00000,0x00000000f6b00000,0x00000000fb580000)
 ParOldGen       total 235520K, used 180782K [0x0000000080000000, 0x000000008e600000, 0x00000000d5580000)
  object space 235520K, 76% used [0x0000000080000000,0x000000008b08b890,0x000000008e600000)
 Metaspace       used 110322K, capacity 114906K, committed 115096K, reserved 1148928K
  class space    used 14028K, capacity 14924K, committed 15024K, reserved 1048576K
Event: 351.966 GC heap after
Heap after GC invocations=19 (full 4):
 PSYoungGen      total 622592K, used 21817K [0x00000000d5580000, 0x0000000100000000, 0x0000000100000000)
  eden space 546304K, 0% used [0x00000000d5580000,0x00000000d5580000,0x00000000f6b00000)
  from space 76288K, 28% used [0x00000000f6b00000,0x00000000f804e418,0x00000000fb580000)
  to   space 72192K, 0% used [0x00000000fb980000,0x00000000fb980000,0x0000000100000000)
 ParOldGen       total 235520K, used 214811K [0x0000000080000000, 0x000000008e600000, 0x00000000d5580000)
  object space 235520K, 91% used [0x0000000080000000,0x000000008d1c6cb0,0x000000008e600000)
 Metaspace       used 110322K, capacity 114906K, committed 115096K, reserved 1148928K
  class space    used 14028K, capacity 14924K, committed 15024K, reserved 1048576K
}
Event: 351.966 GC heap before
{Heap before GC invocations=20 (full 5):
 PSYoungGen      total 622592K, used 21817K [0x00000000d5580000, 0x0000000100000000, 0x0000000100000000)
  eden space 546304K, 0% used [0x00000000d5580000,0x00000000d5580000,0x00000000f6b00000)
  from space 76288K, 28% used [0x00000000f6b00000,0x00000000f804e418,0x00000000fb580000)
  to   space 72192K, 0% used [0x00000000fb980000,0x00000000fb980000,0x0000000100000000)
 ParOldGen       total 235520K, used 214811K [0x0000000080000000, 0x000000008e600000, 0x00000000d5580000)
  object space 235520K, 91% used [0x0000000080000000,0x000000008d1c6cb0,0x000000008e600000)
 Metaspace       used 110322K, capacity 114906K, committed 115096K, reserved 1148928K
  class space    used 14028K, capacity 14924K, committed 15024K, reserved 1048576K
Event: 352.298 GC heap after
Heap after GC invocations=20 (full 5):
 PSYoungGen      total 622592K, used 0K [0x00000000d5580000, 0x0000000100000000, 0x0000000100000000)
  eden space 546304K, 0% used [0x00000000d5580000,0x00000000d5580000,0x00000000f6b00000)
  from space 76288K, 0% used [0x00000000f6b00000,0x00000000f6b00000,0x00000000fb580000)
  to   space 72192K, 0% used [0x00000000fb980000,0x00000000fb980000,0x0000000100000000)
 ParOldGen       total 291840K, used 86684K [0x0000000080000000, 0x0000000091d00000, 0x00000000d5580000)
  object space 291840K, 29% used [0x0000000080000000,0x00000000854a71b8,0x0000000091d00000)
 Metaspace       used 110318K, capacity 114894K, committed 115096K, reserved 1148928K
  class space    used 14027K, capacity 14922K, committed 15024K, reserved 1048576K
}

