# JRE version: OpenJDK Runtime Environment (8.0_242-b01) (build 1.8.0_242-release-1644-b01)
# Java VM: OpenJDK 64-Bit Server VM (25.242-b01 mixed mode windows-amd64 compressed oops)
Heap:
 PSYoungGen      total 584704K, used 399510K [0x00000000d5580000, 0x0000000100000000, 0x0000000100000000)
  eden space 531968K, 65% used [0x00000000d5580000,0x00000000ea882e00,0x00000000f5d00000)
  from space 52736K, 99% used [0x00000000f5d00000,0x00000000f9022d28,0x00000000f9080000)
  to   space 87040K, 0% used [0x00000000fab00000,0x00000000fab00000,0x0000000100000000)
 ParOldGen       total 305664K, used 185297K [0x0000000080000000, 0x0000000092a80000, 0x00000000d5580000)
  object space 305664K, 60% used [0x0000000080000000,0x000000008b4f4458,0x0000000092a80000)
 Metaspace       used 110410K, capacity 115188K, committed 115352K, reserved 1148928K
  class space    used 14301K, capacity 15250K, committed 15280K, reserved 1048576K
GC Heap History (10 events):
Event: 24.185 GC heap before
{Heap before GC invocations=15 (full 3):
 PSYoungGen      total 376320K, used 376307K [0x00000000d5580000, 0x00000000f5d80000, 0x0000000100000000)
  eden space 352768K, 100% used [0x00000000d5580000,0x00000000eae00000,0x00000000eae00000)
  from space 23552K, 99% used [0x00000000eae00000,0x00000000ec4fcc10,0x00000000ec500000)
  to   space 30208K, 0% used [0x00000000f4000000,0x00000000f4000000,0x00000000f5d80000)
 ParOldGen       total 104960K, used 48964K [0x0000000080000000, 0x0000000086680000, 0x00000000d5580000)
  object space 104960K, 46% used [0x0000000080000000,0x0000000082fd1160,0x0000000086680000)
 Metaspace       used 73661K, capacity 76920K, committed 77080K, reserved 1116160K
  class space    used 9864K, capacity 10511K, committed 10544K, reserved 1048576K
Event: 24.212 GC heap after
Heap after GC invocations=15 (full 3):
 PSYoungGen      total 475648K, used 5711K [0x00000000d5580000, 0x00000000f5000000, 0x0000000100000000)
  eden space 459264K, 0% used [0x00000000d5580000,0x00000000d5580000,0x00000000f1600000)
  from space 16384K, 34% used [0x00000000f4000000,0x00000000f4593e78,0x00000000f5000000)
  to   space 29696K, 0% used [0x00000000f1600000,0x00000000f1600000,0x00000000f3300000)
 ParOldGen       total 104960K, used 66547K [0x0000000080000000, 0x0000000086680000, 0x00000000d5580000)
  object space 104960K, 63% used [0x0000000080000000,0x00000000840fcc70,0x0000000086680000)
 Metaspace       used 73661K, capacity 76920K, committed 77080K, reserved 1116160K
  class space    used 9864K, capacity 10511K, committed 10544K, reserved 1048576K
}
Event: 28.166 GC heap before
{Heap before GC invocations=16 (full 3):
 PSYoungGen      total 475648K, used 464975K [0x00000000d5580000, 0x00000000f5000000, 0x0000000100000000)
  eden space 459264K, 100% used [0x00000000d5580000,0x00000000f1600000,0x00000000f1600000)
  from space 16384K, 34% used [0x00000000f4000000,0x00000000f4593e78,0x00000000f5000000)
  to   space 29696K, 0% used [0x00000000f1600000,0x00000000f1600000,0x00000000f3300000)
 ParOldGen       total 104960K, used 66547K [0x0000000080000000, 0x0000000086680000, 0x00000000d5580000)
  object space 104960K, 63% used [0x0000000080000000,0x00000000840fcc70,0x0000000086680000)
 Metaspace       used 81287K, capacity 84820K, committed 85016K, reserved 1122304K
  class space    used 10835K, capacity 11533K, committed 11568K, reserved 1048576K
Event: 28.224 GC heap after
Heap after GC invocations=16 (full 3):
 PSYoungGen      total 488960K, used 29677K [0x00000000d5580000, 0x00000000fe200000, 0x0000000100000000)
  eden space 459264K, 0% used [0x00000000d5580000,0x00000000d5580000,0x00000000f1600000)
  from space 29696K, 99% used [0x00000000f1600000,0x00000000f32fb6d0,0x00000000f3300000)
  to   space 40960K, 0% used [0x00000000fba00000,0x00000000fba00000,0x00000000fe200000)
 ParOldGen       total 104960K, used 84626K [0x0000000080000000, 0x0000000086680000, 0x00000000d5580000)
  object space 104960K, 80% used [0x0000000080000000,0x00000000852a4ab0,0x0000000086680000)
 Metaspace       used 81287K, capacity 84820K, committed 85016K, reserved 1122304K
  class space    used 10835K, capacity 11533K, committed 11568K, reserved 1048576K
}
Event: 32.924 GC heap before
{Heap before GC invocations=17 (full 3):
 PSYoungGen      total 488960K, used 488941K [0x00000000d5580000, 0x00000000fe200000, 0x0000000100000000)
  eden space 459264K, 100% used [0x00000000d5580000,0x00000000f1600000,0x00000000f1600000)
  from space 29696K, 99% used [0x00000000f1600000,0x00000000f32fb6d0,0x00000000f3300000)
  to   space 40960K, 0% used [0x00000000fba00000,0x00000000fba00000,0x00000000fe200000)
 ParOldGen       total 104960K, used 84626K [0x0000000080000000, 0x0000000086680000, 0x00000000d5580000)
  object space 104960K, 80% used [0x0000000080000000,0x00000000852a4ab0,0x0000000086680000)
 Metaspace       used 86855K, capacity 91076K, committed 91416K, reserved 1128448K
  class space    used 11660K, capacity 12467K, committed 12592K, reserved 1048576K
Event: 33.092 GC heap after
Heap after GC invocations=17 (full 3):
 PSYoungGen      total 572928K, used 40932K [0x00000000d5580000, 0x0000000100000000, 0x0000000100000000)
  eden space 531968K, 0% used [0x00000000d5580000,0x00000000d5580000,0x00000000f5d00000)
  from space 40960K, 99% used [0x00000000fba00000,0x00000000fe1f9170,0x00000000fe200000)
  to   space 83456K, 0% used [0x00000000f5d00000,0x00000000f5d00000,0x00000000fae80000)
 ParOldGen       total 181248K, used 180905K [0x0000000080000000, 0x000000008b100000, 0x00000000d5580000)
  object space 181248K, 99% used [0x0000000080000000,0x000000008b0aa500,0x000000008b100000)
 Metaspace       used 86855K, capacity 91076K, committed 91416K, reserved 1128448K
  class space    used 11660K, capacity 12467K, committed 12592K, reserved 1048576K
}
Event: 33.092 GC heap before
{Heap before GC invocations=18 (full 4):
 PSYoungGen      total 572928K, used 40932K [0x00000000d5580000, 0x0000000100000000, 0x0000000100000000)
  eden space 531968K, 0% used [0x00000000d5580000,0x00000000d5580000,0x00000000f5d00000)
  from space 40960K, 99% used [0x00000000fba00000,0x00000000fe1f9170,0x00000000fe200000)
  to   space 83456K, 0% used [0x00000000f5d00000,0x00000000f5d00000,0x00000000fae80000)
 ParOldGen       total 181248K, used 180905K [0x0000000080000000, 0x000000008b100000, 0x00000000d5580000)
  object space 181248K, 99% used [0x0000000080000000,0x000000008b0aa500,0x000000008b100000)
 Metaspace       used 86855K, capacity 91076K, committed 91416K, reserved 1128448K
  class space    used 11660K, capacity 12467K, committed 12592K, reserved 1048576K
Event: 34.183 GC heap after
Heap after GC invocations=18 (full 4):
 PSYoungGen      total 572928K, used 4059K [0x00000000d5580000, 0x0000000100000000, 0x0000000100000000)
  eden space 531968K, 0% used [0x00000000d5580000,0x00000000d5580000,0x00000000f5d00000)
  from space 40960K, 9% used [0x00000000fba00000,0x00000000fbdf6c88,0x00000000fe200000)
  to   space 83456K, 0% used [0x00000000f5d00000,0x00000000f5d00000,0x00000000fae80000)
 ParOldGen       total 305664K, used 181196K [0x0000000080000000, 0x0000000092a80000, 0x00000000d5580000)
  object space 305664K, 59% used [0x0000000080000000,0x000000008b0f3250,0x0000000092a80000)
 Metaspace       used 86759K, capacity 90788K, committed 91416K, reserved 1128448K
  class space    used 11629K, capacity 12413K, committed 12592K, reserved 1048576K
}
Event: 64.678 GC heap before
{Heap before GC invocations=19 (full 4):
 PSYoungGen      total 572928K, used 536027K [0x00000000d5580000, 0x0000000100000000, 0x0000000100000000)
  eden space 531968K, 100% used [0x00000000d5580000,0x00000000f5d00000,0x00000000f5d00000)
  from space 40960K, 9% used [0x00000000fba00000,0x00000000fbdf6c88,0x00000000fe200000)
  to   space 83456K, 0% used [0x00000000f5d00000,0x00000000f5d00000,0x00000000fae80000)
 ParOldGen       total 305664K, used 181196K [0x0000000080000000, 0x0000000092a80000, 0x00000000d5580000)
  object space 305664K, 59% used [0x0000000080000000,0x000000008b0f3250,0x0000000092a80000)
 Metaspace       used 105985K, capacity 110328K, committed 110616K, reserved 1144832K
  class space    used 13731K, capacity 14607K, committed 14640K, reserved 1048576K
Event: 64.814 GC heap after
Heap after GC invocations=19 (full 4):
 PSYoungGen      total 584704K, used 52363K [0x00000000d5580000, 0x0000000100000000, 0x0000000100000000)
  eden space 531968K, 0% used [0x00000000d5580000,0x00000000d5580000,0x00000000f5d00000)
  from space 52736K, 99% used [0x00000000f5d00000,0x00000000f9022d28,0x00000000f9080000)
  to   space 87040K, 0% used [0x00000000fab00000,0x00000000fab00000,0x0000000100000000)
 ParOldGen       total 305664K, used 185297K [0x0000000080000000, 0x0000000092a80000, 0x00000000d5580000)
  object space 305664K, 60% used [0x0000000080000000,0x000000008b4f4458,0x0000000092a80000)
 Metaspace       used 105985K, capacity 110328K, committed 110616K, reserved 1144832K
  class space    used 13731K, capacity 14607K, committed 14640K, reserved 1048576K
}

