# JRE version: OpenJDK Runtime Environment (8.0_242-b01) (build 1.8.0_242-release-1644-b01)
# Java VM: OpenJDK 64-Bit Server VM (25.242-b01 mixed mode windows-amd64 compressed oops)
Heap:
 PSYoungGen      total 527360K, used 193764K [0x00000000d5580000, 0x00000000ff600000, 0x0000000100000000)
  eden space 381440K, 33% used [0x00000000d5580000,0x00000000dd3cb9c8,0x00000000eca00000)
  from space 145920K, 44% used [0x00000000eca00000,0x00000000f08ed780,0x00000000f5880000)
  to   space 141824K, 0% used [0x00000000f6b80000,0x00000000f6b80000,0x00000000ff600000)
 ParOldGen       total 332800K, used 125090K [0x0000000080000000, 0x0000000094500000, 0x00000000d5580000)
  object space 332800K, 37% used [0x0000000080000000,0x0000000087a28960,0x0000000094500000)
 Metaspace       used 121088K, capacity 128478K, committed 128716K, reserved 1161216K
  class space    used 15484K, capacity 16787K, committed 16896K, reserved 1048576K
GC Heap History (10 events):
Event: 11237.546 GC heap before
{Heap before GC invocations=43 (full 6):
 PSYoungGen      total 548352K, used 416373K [0x00000000d5580000, 0x0000000100000000, 0x0000000100000000)
  eden space 392704K, 100% used [0x00000000d5580000,0x00000000ed500000,0x00000000ed500000)
  from space 155648K, 15% used [0x00000000f6800000,0x00000000f7f1d518,0x0000000100000000)
  to   space 150528K, 0% used [0x00000000ed500000,0x00000000ed500000,0x00000000f6800000)
 ParOldGen       total 332800K, used 106543K [0x0000000080000000, 0x0000000094500000, 0x00000000d5580000)
  object space 332800K, 32% used [0x0000000080000000,0x000000008680bf18,0x0000000094500000)
 Metaspace       used 120521K, capacity 127822K, committed 128204K, reserved 1161216K
  class space    used 15446K, capacity 16743K, committed 16896K, reserved 1048576K
Event: 11237.710 GC heap after
Heap after GC invocations=43 (full 6):
 PSYoungGen      total 501760K, used 108554K [0x00000000d5580000, 0x0000000100000000, 0x0000000100000000)
  eden space 392704K, 0% used [0x00000000d5580000,0x00000000d5580000,0x00000000ed500000)
  from space 109056K, 99% used [0x00000000ed500000,0x00000000f3f02970,0x00000000f3f80000)
  to   space 161792K, 0% used [0x00000000f6200000,0x00000000f6200000,0x0000000100000000)
 ParOldGen       total 332800K, used 119109K [0x0000000080000000, 0x0000000094500000, 0x00000000d5580000)
  object space 332800K, 35% used [0x0000000080000000,0x00000000874516d0,0x0000000094500000)
 Metaspace       used 120521K, capacity 127822K, committed 128204K, reserved 1161216K
  class space    used 15446K, capacity 16743K, committed 16896K, reserved 1048576K
}
Event: 11254.171 GC heap before
{Heap before GC invocations=44 (full 6):
 PSYoungGen      total 501760K, used 501258K [0x00000000d5580000, 0x0000000100000000, 0x0000000100000000)
  eden space 392704K, 100% used [0x00000000d5580000,0x00000000ed500000,0x00000000ed500000)
  from space 109056K, 99% used [0x00000000ed500000,0x00000000f3f02970,0x00000000f3f80000)
  to   space 161792K, 0% used [0x00000000f6200000,0x00000000f6200000,0x0000000100000000)
 ParOldGen       total 332800K, used 119109K [0x0000000080000000, 0x0000000094500000, 0x00000000d5580000)
  object space 332800K, 35% used [0x0000000080000000,0x00000000874516d0,0x0000000094500000)
 Metaspace       used 120649K, capacity 127982K, committed 128204K, reserved 1161216K
  class space    used 15460K, capacity 16769K, committed 16896K, reserved 1048576K
Event: 11254.195 GC heap after
Heap after GC invocations=44 (full 6):
 PSYoungGen      total 541184K, used 21172K [0x00000000d5580000, 0x0000000100000000, 0x0000000100000000)
  eden space 379392K, 0% used [0x00000000d5580000,0x00000000d5580000,0x00000000ec800000)
  from space 161792K, 13% used [0x00000000f6200000,0x00000000f76ad1e0,0x0000000100000000)
  to   space 157696K, 0% used [0x00000000ec800000,0x00000000ec800000,0x00000000f6200000)
 ParOldGen       total 332800K, used 120463K [0x0000000080000000, 0x0000000094500000, 0x00000000d5580000)
  object space 332800K, 36% used [0x0000000080000000,0x00000000875a3e28,0x0000000094500000)
 Metaspace       used 120649K, capacity 127982K, committed 128204K, reserved 1161216K
  class space    used 15460K, capacity 16769K, committed 16896K, reserved 1048576K
}
Event: 11831.331 GC heap before
{Heap before GC invocations=45 (full 6):
 PSYoungGen      total 541184K, used 400564K [0x00000000d5580000, 0x0000000100000000, 0x0000000100000000)
  eden space 379392K, 100% used [0x00000000d5580000,0x00000000ec800000,0x00000000ec800000)
  from space 161792K, 13% used [0x00000000f6200000,0x00000000f76ad1e0,0x0000000100000000)
  to   space 157696K, 0% used [0x00000000ec800000,0x00000000ec800000,0x00000000f6200000)
 ParOldGen       total 332800K, used 120463K [0x0000000080000000, 0x0000000094500000, 0x00000000d5580000)
  object space 332800K, 36% used [0x0000000080000000,0x00000000875a3e28,0x0000000094500000)
 Metaspace       used 120883K, capacity 128202K, committed 128460K, reserved 1161216K
  class space    used 15476K, capacity 16773K, committed 16896K, reserved 1048576K
Event: 11831.405 GC heap after
Heap after GC invocations=45 (full 6):
 PSYoungGen      total 435712K, used 55996K [0x00000000d5580000, 0x00000000fe900000, 0x0000000100000000)
  eden space 379392K, 0% used [0x00000000d5580000,0x00000000d5580000,0x00000000ec800000)
  from space 56320K, 99% used [0x00000000ec800000,0x00000000efeaf340,0x00000000eff00000)
  to   space 147968K, 0% used [0x00000000f5880000,0x00000000f5880000,0x00000000fe900000)
 ParOldGen       total 332800K, used 121217K [0x0000000080000000, 0x0000000094500000, 0x00000000d5580000)
  object space 332800K, 36% used [0x0000000080000000,0x0000000087660468,0x0000000094500000)
 Metaspace       used 120883K, capacity 128202K, committed 128460K, reserved 1161216K
  class space    used 15476K, capacity 16773K, committed 16896K, reserved 1048576K
}
Event: 12010.164 GC heap before
{Heap before GC invocations=46 (full 6):
 PSYoungGen      total 435712K, used 435388K [0x00000000d5580000, 0x00000000fe900000, 0x0000000100000000)
  eden space 379392K, 100% used [0x00000000d5580000,0x00000000ec800000,0x00000000ec800000)
  from space 56320K, 99% used [0x00000000ec800000,0x00000000efeaf340,0x00000000eff00000)
  to   space 147968K, 0% used [0x00000000f5880000,0x00000000f5880000,0x00000000fe900000)
 ParOldGen       total 332800K, used 121217K [0x0000000080000000, 0x0000000094500000, 0x00000000d5580000)
  object space 332800K, 36% used [0x0000000080000000,0x0000000087660468,0x0000000094500000)
 Metaspace       used 120902K, capacity 128226K, committed 128460K, reserved 1161216K
  class space    used 15478K, capacity 16777K, committed 16896K, reserved 1048576K
Event: 12010.241 GC heap after
Heap after GC invocations=46 (full 6):
 PSYoungGen      total 529408K, used 9974K [0x00000000d5580000, 0x0000000100000000, 0x0000000100000000)
  eden space 381440K, 0% used [0x00000000d5580000,0x00000000d5580000,0x00000000eca00000)
  from space 147968K, 6% used [0x00000000f5880000,0x00000000f623d918,0x00000000fe900000)
  to   space 145920K, 0% used [0x00000000eca00000,0x00000000eca00000,0x00000000f5880000)
 ParOldGen       total 332800K, used 125082K [0x0000000080000000, 0x0000000094500000, 0x00000000d5580000)
  object space 332800K, 37% used [0x0000000080000000,0x0000000087a26960,0x0000000094500000)
 Metaspace       used 120902K, capacity 128226K, committed 128460K, reserved 1161216K
  class space    used 15478K, capacity 16777K, committed 16896K, reserved 1048576K
}
Event: 12060.651 GC heap before
{Heap before GC invocations=47 (full 6):
 PSYoungGen      total 529408K, used 391414K [0x00000000d5580000, 0x0000000100000000, 0x0000000100000000)
  eden space 381440K, 100% used [0x00000000d5580000,0x00000000eca00000,0x00000000eca00000)
  from space 147968K, 6% used [0x00000000f5880000,0x00000000f623d918,0x00000000fe900000)
  to   space 145920K, 0% used [0x00000000eca00000,0x00000000eca00000,0x00000000f5880000)
 ParOldGen       total 332800K, used 125082K [0x0000000080000000, 0x0000000094500000, 0x00000000d5580000)
  object space 332800K, 37% used [0x0000000080000000,0x0000000087a26960,0x0000000094500000)
 Metaspace       used 121037K, capacity 128414K, committed 128716K, reserved 1161216K
  class space    used 15484K, capacity 16787K, committed 16896K, reserved 1048576K
Event: 12060.741 GC heap after
Heap after GC invocations=47 (full 6):
 PSYoungGen      total 527360K, used 64437K [0x00000000d5580000, 0x00000000ff600000, 0x0000000100000000)
  eden space 381440K, 0% used [0x00000000d5580000,0x00000000d5580000,0x00000000eca00000)
  from space 145920K, 44% used [0x00000000eca00000,0x00000000f08ed780,0x00000000f5880000)
  to   space 141824K, 0% used [0x00000000f6b80000,0x00000000f6b80000,0x00000000ff600000)
 ParOldGen       total 332800K, used 125090K [0x0000000080000000, 0x0000000094500000, 0x00000000d5580000)
  object space 332800K, 37% used [0x0000000080000000,0x0000000087a28960,0x0000000094500000)
 Metaspace       used 121037K, capacity 128414K, committed 128716K, reserved 1161216K
  class space    used 15484K, capacity 16787K, committed 16896K, reserved 1048576K
}

