# JRE version: OpenJDK Runtime Environment (8.0_242-b01) (build 1.8.0_242-release-1644-b01)
# Java VM: OpenJDK 64-Bit Server VM (25.242-b01 mixed mode windows-amd64 compressed oops)
Heap:
 PSYoungGen      total 510976K, used 152470K [0x00000000d5580000, 0x0000000100000000, 0x0000000100000000)
  eden space 464384K, 26% used [0x00000000d5580000,0x00000000dcf0f2a8,0x00000000f1b00000)
  from space 46592K, 60% used [0x00000000f1b00000,0x00000000f3656640,0x00000000f4880000)
  to   space 47616K, 0% used [0x00000000fd180000,0x00000000fd180000,0x0000000100000000)
 ParOldGen       total 184832K, used 95818K [0x0000000080000000, 0x000000008b480000, 0x00000000d5580000)
  object space 184832K, 51% used [0x0000000080000000,0x0000000085d92b90,0x000000008b480000)
 Metaspace       used 86493K, capacity 89942K, committed 90264K, reserved 1128448K
  class space    used 11211K, capacity 11874K, committed 11952K, reserved 1048576K
GC Heap History (10 events):
Event: 11.433 GC heap before
{Heap before GC invocations=13 (full 3):
 PSYoungGen      total 377856K, used 17388K [0x00000000d5580000, 0x00000000ee380000, 0x0000000100000000)
  eden space 360448K, 0% used [0x00000000d5580000,0x00000000d5580000,0x00000000eb580000)
  from space 17408K, 99% used [0x00000000ecd00000,0x00000000eddfb310,0x00000000ede00000)
  to   space 23552K, 0% used [0x00000000eb580000,0x00000000eb580000,0x00000000ecc80000)
 ParOldGen       total 64512K, used 26848K [0x0000000080000000, 0x0000000083f00000, 0x00000000d5580000)
  object space 64512K, 41% used [0x0000000080000000,0x0000000081a38298,0x0000000083f00000)
 Metaspace       used 56855K, capacity 59064K, committed 59160K, reserved 1099776K
  class space    used 7699K, capacity 8187K, committed 8240K, reserved 1048576K
Event: 11.873 GC heap after
Heap after GC invocations=13 (full 3):
 PSYoungGen      total 377856K, used 0K [0x00000000d5580000, 0x00000000ee380000, 0x0000000100000000)
  eden space 360448K, 0% used [0x00000000d5580000,0x00000000d5580000,0x00000000eb580000)
  from space 17408K, 0% used [0x00000000ecd00000,0x00000000ecd00000,0x00000000ede00000)
  to   space 23552K, 0% used [0x00000000eb580000,0x00000000eb580000,0x00000000ecc80000)
 ParOldGen       total 102400K, used 40562K [0x0000000080000000, 0x0000000086400000, 0x00000000d5580000)
  object space 102400K, 39% used [0x0000000080000000,0x000000008279c818,0x0000000086400000)
 Metaspace       used 56834K, capacity 58992K, committed 59160K, reserved 1099776K
  class space    used 7692K, capacity 8175K, committed 8240K, reserved 1048576K
}
Event: 51.985 GC heap before
{Heap before GC invocations=14 (full 3):
 PSYoungGen      total 377856K, used 360448K [0x00000000d5580000, 0x00000000ee380000, 0x0000000100000000)
  eden space 360448K, 100% used [0x00000000d5580000,0x00000000eb580000,0x00000000eb580000)
  from space 17408K, 0% used [0x00000000ecd00000,0x00000000ecd00000,0x00000000ede00000)
  to   space 23552K, 0% used [0x00000000eb580000,0x00000000eb580000,0x00000000ecc80000)
 ParOldGen       total 102400K, used 40562K [0x0000000080000000, 0x0000000086400000, 0x00000000d5580000)
  object space 102400K, 39% used [0x0000000080000000,0x000000008279c818,0x0000000086400000)
 Metaspace       used 70745K, capacity 74052K, committed 74136K, reserved 1114112K
  class space    used 9461K, capacity 10131K, committed 10160K, reserved 1048576K
Event: 52.012 GC heap after
Heap after GC invocations=14 (full 3):
 PSYoungGen      total 384000K, used 23520K [0x00000000d5580000, 0x00000000f6380000, 0x0000000100000000)
  eden space 360448K, 0% used [0x00000000d5580000,0x00000000d5580000,0x00000000eb580000)
  from space 23552K, 99% used [0x00000000eb580000,0x00000000ecc78180,0x00000000ecc80000)
  to   space 27648K, 0% used [0x00000000f4880000,0x00000000f4880000,0x00000000f6380000)
 ParOldGen       total 102400K, used 40876K [0x0000000080000000, 0x0000000086400000, 0x00000000d5580000)
  object space 102400K, 39% used [0x0000000080000000,0x00000000827eb100,0x0000000086400000)
 Metaspace       used 70745K, capacity 74052K, committed 74136K, reserved 1114112K
  class space    used 9461K, capacity 10131K, committed 10160K, reserved 1048576K
}
Event: 55.678 GC heap before
{Heap before GC invocations=15 (full 3):
 PSYoungGen      total 384000K, used 383968K [0x00000000d5580000, 0x00000000f6380000, 0x0000000100000000)
  eden space 360448K, 100% used [0x00000000d5580000,0x00000000eb580000,0x00000000eb580000)
  from space 23552K, 99% used [0x00000000eb580000,0x00000000ecc78180,0x00000000ecc80000)
  to   space 27648K, 0% used [0x00000000f4880000,0x00000000f4880000,0x00000000f6380000)
 ParOldGen       total 102400K, used 40876K [0x0000000080000000, 0x0000000086400000, 0x00000000d5580000)
  object space 102400K, 39% used [0x0000000080000000,0x00000000827eb100,0x0000000086400000)
 Metaspace       used 74594K, capacity 77910K, committed 78104K, reserved 1116160K
  class space    used 9842K, capacity 10506K, committed 10544K, reserved 1048576K
Event: 55.758 GC heap after
Heap after GC invocations=15 (full 3):
 PSYoungGen      total 492032K, used 27632K [0x00000000d5580000, 0x00000000f7f00000, 0x0000000100000000)
  eden space 464384K, 0% used [0x00000000d5580000,0x00000000d5580000,0x00000000f1b00000)
  from space 27648K, 99% used [0x00000000f4880000,0x00000000f637c0b8,0x00000000f6380000)
  to   space 46592K, 0% used [0x00000000f1b00000,0x00000000f1b00000,0x00000000f4880000)
 ParOldGen       total 102400K, used 81272K [0x0000000080000000, 0x0000000086400000, 0x00000000d5580000)
  object space 102400K, 79% used [0x0000000080000000,0x0000000084f5e018,0x0000000086400000)
 Metaspace       used 74594K, capacity 77910K, committed 78104K, reserved 1116160K
  class space    used 9842K, capacity 10506K, committed 10544K, reserved 1048576K
}
Event: 55.758 GC heap before
{Heap before GC invocations=16 (full 4):
 PSYoungGen      total 492032K, used 27632K [0x00000000d5580000, 0x00000000f7f00000, 0x0000000100000000)
  eden space 464384K, 0% used [0x00000000d5580000,0x00000000d5580000,0x00000000f1b00000)
  from space 27648K, 99% used [0x00000000f4880000,0x00000000f637c0b8,0x00000000f6380000)
  to   space 46592K, 0% used [0x00000000f1b00000,0x00000000f1b00000,0x00000000f4880000)
 ParOldGen       total 102400K, used 81272K [0x0000000080000000, 0x0000000086400000, 0x00000000d5580000)
  object space 102400K, 79% used [0x0000000080000000,0x0000000084f5e018,0x0000000086400000)
 Metaspace       used 74594K, capacity 77910K, committed 78104K, reserved 1116160K
  class space    used 9842K, capacity 10506K, committed 10544K, reserved 1048576K
Event: 56.211 GC heap after
Heap after GC invocations=16 (full 4):
 PSYoungGen      total 492032K, used 0K [0x00000000d5580000, 0x00000000f7f00000, 0x0000000100000000)
  eden space 464384K, 0% used [0x00000000d5580000,0x00000000d5580000,0x00000000f1b00000)
  from space 27648K, 0% used [0x00000000f4880000,0x00000000f4880000,0x00000000f6380000)
  to   space 46592K, 0% used [0x00000000f1b00000,0x00000000f1b00000,0x00000000f4880000)
 ParOldGen       total 184832K, used 95810K [0x0000000080000000, 0x000000008b480000, 0x00000000d5580000)
  object space 184832K, 51% used [0x0000000080000000,0x0000000085d90b90,0x000000008b480000)
 Metaspace       used 74486K, capacity 77592K, committed 78104K, reserved 1116160K
  class space    used 9808K, capacity 10445K, committed 10544K, reserved 1048576K
}
Event: 63.879 GC heap before
{Heap before GC invocations=17 (full 4):
 PSYoungGen      total 492032K, used 464368K [0x00000000d5580000, 0x00000000f7f00000, 0x0000000100000000)
  eden space 464384K, 99% used [0x00000000d5580000,0x00000000f1afc2b0,0x00000000f1b00000)
  from space 27648K, 0% used [0x00000000f4880000,0x00000000f4880000,0x00000000f6380000)
  to   space 46592K, 0% used [0x00000000f1b00000,0x00000000f1b00000,0x00000000f4880000)
 ParOldGen       total 184832K, used 95810K [0x0000000080000000, 0x000000008b480000, 0x00000000d5580000)
  object space 184832K, 51% used [0x0000000080000000,0x0000000085d90b90,0x000000008b480000)
 Metaspace       used 82881K, capacity 86254K, committed 86424K, reserved 1124352K
  class space    used 10721K, capacity 11402K, committed 11440K, reserved 1048576K
Event: 63.911 GC heap after
Heap after GC invocations=17 (full 4):
 PSYoungGen      total 510976K, used 27993K [0x00000000d5580000, 0x0000000100000000, 0x0000000100000000)
  eden space 464384K, 0% used [0x00000000d5580000,0x00000000d5580000,0x00000000f1b00000)
  from space 46592K, 60% used [0x00000000f1b00000,0x00000000f3656640,0x00000000f4880000)
  to   space 47616K, 0% used [0x00000000fd180000,0x00000000fd180000,0x0000000100000000)
 ParOldGen       total 184832K, used 95818K [0x0000000080000000, 0x000000008b480000, 0x00000000d5580000)
  object space 184832K, 51% used [0x0000000080000000,0x0000000085d92b90,0x000000008b480000)
 Metaspace       used 82881K, capacity 86254K, committed 86424K, reserved 1124352K
  class space    used 10721K, capacity 11402K, committed 11440K, reserved 1048576K
}

