# JRE version: OpenJDK Runtime Environment (8.0_242-b01) (build 1.8.0_242-release-1644-b01)
# Java VM: OpenJDK 64-Bit Server VM (25.242-b01 mixed mode windows-amd64 compressed oops)
Heap:
 PSYoungGen      total 522752K, used 431932K [0x00000000d5580000, 0x0000000100000000, 0x0000000100000000)
  eden space 444928K, 84% used [0x00000000d5580000,0x00000000ec548c48,0x00000000f0800000)
  from space 77824K, 71% used [0x00000000f0800000,0x00000000f3e06588,0x00000000f5400000)
  to   space 105472K, 0% used [0x00000000f9900000,0x00000000f9900000,0x0000000100000000)
 ParOldGen       total 427520K, used 84442K [0x0000000080000000, 0x000000009a180000, 0x00000000d5580000)
  object space 427520K, 19% used [0x0000000080000000,0x0000000085276ad8,0x000000009a180000)
 Metaspace       used 190914K, capacity 203326K, committed 205336K, reserved 1228800K
  class space    used 24258K, capacity 26311K, committed 26664K, reserved 1048576K
GC Heap History (10 events):
Event: 28487.534 GC heap before
{Heap before GC invocations=108 (full 13):
 PSYoungGen      total 519680K, used 468720K [0x00000000d5580000, 0x00000000fa000000, 0x0000000100000000)
  eden space 444928K, 100% used [0x00000000d5580000,0x00000000f0800000,0x00000000f0800000)
  from space 74752K, 31% used [0x00000000f5700000,0x00000000f6e3c070,0x00000000fa000000)
  to   space 77824K, 0% used [0x00000000f0800000,0x00000000f0800000,0x00000000f5400000)
 ParOldGen       total 427520K, used 84442K [0x0000000080000000, 0x000000009a180000, 0x00000000d5580000)
  object space 427520K, 19% used [0x0000000080000000,0x0000000085276ad8,0x000000009a180000)
 Metaspace       used 190681K, capacity 203026K, committed 205336K, reserved 1228800K
  class space    used 24251K, capacity 26273K, committed 26664K, reserved 1048576K
Event: 28487.680 GC heap after
Heap after GC invocations=108 (full 13):
 PSYoungGen      total 522752K, used 53410K [0x00000000d5580000, 0x00000000fa000000, 0x0000000100000000)
  eden space 444928K, 0% used [0x00000000d5580000,0x00000000d5580000,0x00000000f0800000)
  from space 77824K, 68% used [0x00000000f0800000,0x00000000f3c28b10,0x00000000f5400000)
  to   space 74752K, 0% used [0x00000000f5700000,0x00000000f5700000,0x00000000fa000000)
 ParOldGen       total 427520K, used 84442K [0x0000000080000000, 0x000000009a180000, 0x00000000d5580000)
  object space 427520K, 19% used [0x0000000080000000,0x0000000085276ad8,0x000000009a180000)
 Metaspace       used 190681K, capacity 203026K, committed 205336K, reserved 1228800K
  class space    used 24251K, capacity 26273K, committed 26664K, reserved 1048576K
}
Event: 28488.962 GC heap before
{Heap before GC invocations=109 (full 13):
 PSYoungGen      total 522752K, used 498338K [0x00000000d5580000, 0x00000000fa000000, 0x0000000100000000)
  eden space 444928K, 100% used [0x00000000d5580000,0x00000000f0800000,0x00000000f0800000)
  from space 77824K, 68% used [0x00000000f0800000,0x00000000f3c28b10,0x00000000f5400000)
  to   space 74752K, 0% used [0x00000000f5700000,0x00000000f5700000,0x00000000fa000000)
 ParOldGen       total 427520K, used 84442K [0x0000000080000000, 0x000000009a180000, 0x00000000d5580000)
  object space 427520K, 19% used [0x0000000080000000,0x0000000085276ad8,0x000000009a180000)
 Metaspace       used 190779K, capacity 203122K, committed 205336K, reserved 1228800K
  class space    used 24253K, capacity 26275K, committed 26664K, reserved 1048576K
Event: 28489.183 GC heap after
Heap after GC invocations=109 (full 13):
 PSYoungGen      total 519680K, used 69340K [0x00000000d5580000, 0x00000000fa000000, 0x0000000100000000)
  eden space 444928K, 0% used [0x00000000d5580000,0x00000000d5580000,0x00000000f0800000)
  from space 74752K, 92% used [0x00000000f5700000,0x00000000f9ab7250,0x00000000fa000000)
  to   space 77824K, 0% used [0x00000000f0800000,0x00000000f0800000,0x00000000f5400000)
 ParOldGen       total 427520K, used 84442K [0x0000000080000000, 0x000000009a180000, 0x00000000d5580000)
  object space 427520K, 19% used [0x0000000080000000,0x0000000085276ad8,0x000000009a180000)
 Metaspace       used 190779K, capacity 203122K, committed 205336K, reserved 1228800K
  class space    used 24253K, capacity 26275K, committed 26664K, reserved 1048576K
}
Event: 28490.681 GC heap before
{Heap before GC invocations=110 (full 13):
 PSYoungGen      total 519680K, used 514268K [0x00000000d5580000, 0x00000000fa000000, 0x0000000100000000)
  eden space 444928K, 100% used [0x00000000d5580000,0x00000000f0800000,0x00000000f0800000)
  from space 74752K, 92% used [0x00000000f5700000,0x00000000f9ab7250,0x00000000fa000000)
  to   space 77824K, 0% used [0x00000000f0800000,0x00000000f0800000,0x00000000f5400000)
 ParOldGen       total 427520K, used 84442K [0x0000000080000000, 0x000000009a180000, 0x00000000d5580000)
  object space 427520K, 19% used [0x0000000080000000,0x0000000085276ad8,0x000000009a180000)
 Metaspace       used 190836K, capacity 203210K, committed 205336K, reserved 1228800K
  class space    used 24254K, capacity 26277K, committed 26664K, reserved 1048576K
Event: 28490.855 GC heap after
Heap after GC invocations=110 (full 13):
 PSYoungGen      total 522752K, used 63016K [0x00000000d5580000, 0x00000000fa000000, 0x0000000100000000)
  eden space 444928K, 0% used [0x00000000d5580000,0x00000000d5580000,0x00000000f0800000)
  from space 77824K, 80% used [0x00000000f0800000,0x00000000f458a1e0,0x00000000f5400000)
  to   space 74752K, 0% used [0x00000000f5700000,0x00000000f5700000,0x00000000fa000000)
 ParOldGen       total 427520K, used 84442K [0x0000000080000000, 0x000000009a180000, 0x00000000d5580000)
  object space 427520K, 19% used [0x0000000080000000,0x0000000085276ad8,0x000000009a180000)
 Metaspace       used 190836K, capacity 203210K, committed 205336K, reserved 1228800K
  class space    used 24254K, capacity 26277K, committed 26664K, reserved 1048576K
}
Event: 28492.480 GC heap before
{Heap before GC invocations=111 (full 13):
 PSYoungGen      total 522752K, used 507944K [0x00000000d5580000, 0x00000000fa000000, 0x0000000100000000)
  eden space 444928K, 100% used [0x00000000d5580000,0x00000000f0800000,0x00000000f0800000)
  from space 77824K, 80% used [0x00000000f0800000,0x00000000f458a1e0,0x00000000f5400000)
  to   space 74752K, 0% used [0x00000000f5700000,0x00000000f5700000,0x00000000fa000000)
 ParOldGen       total 427520K, used 84442K [0x0000000080000000, 0x000000009a180000, 0x00000000d5580000)
  object space 427520K, 19% used [0x0000000080000000,0x0000000085276ad8,0x000000009a180000)
 Metaspace       used 190874K, capacity 203218K, committed 205336K, reserved 1228800K
  class space    used 24254K, capacity 26277K, committed 26664K, reserved 1048576K
Event: 28492.536 GC heap after
Heap after GC invocations=111 (full 13):
 PSYoungGen      total 519680K, used 60533K [0x00000000d5580000, 0x00000000fa000000, 0x0000000100000000)
  eden space 444928K, 0% used [0x00000000d5580000,0x00000000d5580000,0x00000000f0800000)
  from space 74752K, 80% used [0x00000000f5700000,0x00000000f921d7b8,0x00000000fa000000)
  to   space 77824K, 0% used [0x00000000f0800000,0x00000000f0800000,0x00000000f5400000)
 ParOldGen       total 427520K, used 84442K [0x0000000080000000, 0x000000009a180000, 0x00000000d5580000)
  object space 427520K, 19% used [0x0000000080000000,0x0000000085276ad8,0x000000009a180000)
 Metaspace       used 190874K, capacity 203218K, committed 205336K, reserved 1228800K
  class space    used 24254K, capacity 26277K, committed 26664K, reserved 1048576K
}
Event: 28494.094 GC heap before
{Heap before GC invocations=112 (full 13):
 PSYoungGen      total 519680K, used 505461K [0x00000000d5580000, 0x00000000fa000000, 0x0000000100000000)
  eden space 444928K, 100% used [0x00000000d5580000,0x00000000f0800000,0x00000000f0800000)
  from space 74752K, 80% used [0x00000000f5700000,0x00000000f921d7b8,0x00000000fa000000)
  to   space 77824K, 0% used [0x00000000f0800000,0x00000000f0800000,0x00000000f5400000)
 ParOldGen       total 427520K, used 84442K [0x0000000080000000, 0x000000009a180000, 0x00000000d5580000)
  object space 427520K, 19% used [0x0000000080000000,0x0000000085276ad8,0x000000009a180000)
 Metaspace       used 190900K, capacity 203262K, committed 205336K, reserved 1228800K
  class space    used 24258K, capacity 26311K, committed 26664K, reserved 1048576K
Event: 28494.203 GC heap after
Heap after GC invocations=112 (full 13):
 PSYoungGen      total 522752K, used 55321K [0x00000000d5580000, 0x0000000100000000, 0x0000000100000000)
  eden space 444928K, 0% used [0x00000000d5580000,0x00000000d5580000,0x00000000f0800000)
  from space 77824K, 71% used [0x00000000f0800000,0x00000000f3e06588,0x00000000f5400000)
  to   space 105472K, 0% used [0x00000000f9900000,0x00000000f9900000,0x0000000100000000)
 ParOldGen       total 427520K, used 84442K [0x0000000080000000, 0x000000009a180000, 0x00000000d5580000)
  object space 427520K, 19% used [0x0000000080000000,0x0000000085276ad8,0x000000009a180000)
 Metaspace       used 190900K, capacity 203262K, committed 205336K, reserved 1228800K
  class space    used 24258K, capacity 26311K, committed 26664K, reserved 1048576K
}

