# JRE version: OpenJDK Runtime Environment (8.0_242-b01) (build 1.8.0_242-release-1644-b01)
# Java VM: OpenJDK 64-Bit Server VM (25.242-b01 mixed mode windows-amd64 compressed oops)
Heap:
 PSYoungGen      total 579584K, used 362119K [0x00000000d5580000, 0x00000000fdb80000, 0x0000000100000000)
  eden space 506880K, 68% used [0x00000000d5580000,0x00000000ea8c4470,0x00000000f4480000)
  from space 72704K, 20% used [0x00000000f9480000,0x00000000fa2dda68,0x00000000fdb80000)
  to   space 77312K, 0% used [0x00000000f4480000,0x00000000f4480000,0x00000000f9000000)
 ParOldGen       total 403968K, used 96379K [0x0000000080000000, 0x0000000098a80000, 0x00000000d5580000)
  object space 403968K, 23% used [0x0000000080000000,0x0000000085e1ece8,0x0000000098a80000)
 Metaspace       used 259805K, capacity 271044K, committed 272404K, reserved 1288192K
  class space    used 30670K, capacity 32751K, committed 33084K, reserved 1048576K
GC Heap History (10 events):
Event: 17622.144 GC heap before
{Heap before GC invocations=90 (full 10):
 PSYoungGen      total 547328K, used 479105K [0x00000000d5580000, 0x00000000fd780000, 0x0000000100000000)
  eden space 456192K, 100% used [0x00000000d5580000,0x00000000f1300000,0x00000000f1300000)
  from space 91136K, 25% used [0x00000000f1300000,0x00000000f2960460,0x00000000f6c00000)
  to   space 87552K, 0% used [0x00000000f8200000,0x00000000f8200000,0x00000000fd780000)
 ParOldGen       total 403968K, used 96339K [0x0000000080000000, 0x0000000098a80000, 0x00000000d5580000)
  object space 403968K, 23% used [0x0000000080000000,0x0000000085e14ce8,0x0000000098a80000)
 Metaspace       used 243923K, capacity 254810K, committed 256532K, reserved 1273856K
  class space    used 28928K, capacity 30934K, committed 31292K, reserved 1048576K
Event: 17622.168 GC heap after
Heap after GC invocations=90 (full 10):
 PSYoungGen      total 558592K, used 5684K [0x00000000d5580000, 0x00000000fd180000, 0x0000000100000000)
  eden space 477184K, 0% used [0x00000000d5580000,0x00000000d5580000,0x00000000f2780000)
  from space 81408K, 6% used [0x00000000f8200000,0x00000000f878d340,0x00000000fd180000)
  to   space 87040K, 0% used [0x00000000f2780000,0x00000000f2780000,0x00000000f7c80000)
 ParOldGen       total 403968K, used 96347K [0x0000000080000000, 0x0000000098a80000, 0x00000000d5580000)
  object space 403968K, 23% used [0x0000000080000000,0x0000000085e16ce8,0x0000000098a80000)
 Metaspace       used 243923K, capacity 254810K, committed 256532K, reserved 1273856K
  class space    used 28928K, capacity 30934K, committed 31292K, reserved 1048576K
}
Event: 17660.200 GC heap before
{Heap before GC invocations=91 (full 10):
 PSYoungGen      total 558592K, used 482868K [0x00000000d5580000, 0x00000000fd180000, 0x0000000100000000)
  eden space 477184K, 100% used [0x00000000d5580000,0x00000000f2780000,0x00000000f2780000)
  from space 81408K, 6% used [0x00000000f8200000,0x00000000f878d340,0x00000000fd180000)
  to   space 87040K, 0% used [0x00000000f2780000,0x00000000f2780000,0x00000000f7c80000)
 ParOldGen       total 403968K, used 96347K [0x0000000080000000, 0x0000000098a80000, 0x00000000d5580000)
  object space 403968K, 23% used [0x0000000080000000,0x0000000085e16ce8,0x0000000098a80000)
 Metaspace       used 251570K, capacity 262474K, committed 264084K, reserved 1282048K
  class space    used 29778K, capacity 31806K, committed 32188K, reserved 1048576K
Event: 17660.337 GC heap after
Heap after GC invocations=91 (full 10):
 PSYoungGen      total 564224K, used 49540K [0x00000000d5580000, 0x00000000fe880000, 0x0000000100000000)
  eden space 477184K, 0% used [0x00000000d5580000,0x00000000d5580000,0x00000000f2780000)
  from space 87040K, 56% used [0x00000000f2780000,0x00000000f57e1158,0x00000000f7c80000)
  to   space 88064K, 0% used [0x00000000f9280000,0x00000000f9280000,0x00000000fe880000)
 ParOldGen       total 403968K, used 96355K [0x0000000080000000, 0x0000000098a80000, 0x00000000d5580000)
  object space 403968K, 23% used [0x0000000080000000,0x0000000085e18ce8,0x0000000098a80000)
 Metaspace       used 251570K, capacity 262474K, committed 264084K, reserved 1282048K
  class space    used 29778K, capacity 31806K, committed 32188K, reserved 1048576K
}
Event: 17750.146 GC heap before
{Heap before GC invocations=92 (full 10):
 PSYoungGen      total 564224K, used 526724K [0x00000000d5580000, 0x00000000fe880000, 0x0000000100000000)
  eden space 477184K, 100% used [0x00000000d5580000,0x00000000f2780000,0x00000000f2780000)
  from space 87040K, 56% used [0x00000000f2780000,0x00000000f57e1158,0x00000000f7c80000)
  to   space 88064K, 0% used [0x00000000f9280000,0x00000000f9280000,0x00000000fe880000)
 ParOldGen       total 403968K, used 96355K [0x0000000080000000, 0x0000000098a80000, 0x00000000d5580000)
  object space 403968K, 23% used [0x0000000080000000,0x0000000085e18ce8,0x0000000098a80000)
 Metaspace       used 251829K, capacity 262822K, committed 264340K, reserved 1282048K
  class space    used 29797K, capacity 31854K, committed 32188K, reserved 1048576K
Event: 17750.195 GC heap after
Heap after GC invocations=92 (full 10):
 PSYoungGen      total 570368K, used 28636K [0x00000000d5580000, 0x00000000fdc00000, 0x0000000100000000)
  eden space 495104K, 0% used [0x00000000d5580000,0x00000000d5580000,0x00000000f3900000)
  from space 75264K, 38% used [0x00000000f9280000,0x00000000fae77398,0x00000000fdc00000)
  to   space 83456K, 0% used [0x00000000f3900000,0x00000000f3900000,0x00000000f8a80000)
 ParOldGen       total 403968K, used 96363K [0x0000000080000000, 0x0000000098a80000, 0x00000000d5580000)
  object space 403968K, 23% used [0x0000000080000000,0x0000000085e1ace8,0x0000000098a80000)
 Metaspace       used 251829K, capacity 262822K, committed 264340K, reserved 1282048K
  class space    used 29797K, capacity 31854K, committed 32188K, reserved 1048576K
}
Event: 17856.194 GC heap before
{Heap before GC invocations=93 (full 10):
 PSYoungGen      total 570368K, used 523740K [0x00000000d5580000, 0x00000000fdc00000, 0x0000000100000000)
  eden space 495104K, 100% used [0x00000000d5580000,0x00000000f3900000,0x00000000f3900000)
  from space 75264K, 38% used [0x00000000f9280000,0x00000000fae77398,0x00000000fdc00000)
  to   space 83456K, 0% used [0x00000000f3900000,0x00000000f3900000,0x00000000f8a80000)
 ParOldGen       total 403968K, used 96363K [0x0000000080000000, 0x0000000098a80000, 0x00000000d5580000)
  object space 403968K, 23% used [0x0000000080000000,0x0000000085e1ace8,0x0000000098a80000)
 Metaspace       used 259353K, capacity 270334K, committed 271892K, reserved 1288192K
  class space    used 30634K, capacity 32688K, committed 33084K, reserved 1048576K
Event: 17856.222 GC heap after
Heap after GC invocations=93 (full 10):
 PSYoungGen      total 578560K, used 28694K [0x00000000d5580000, 0x00000000fe180000, 0x0000000100000000)
  eden space 495104K, 0% used [0x00000000d5580000,0x00000000d5580000,0x00000000f3900000)
  from space 83456K, 34% used [0x00000000f3900000,0x00000000f55059c0,0x00000000f8a80000)
  to   space 78848K, 0% used [0x00000000f9480000,0x00000000f9480000,0x00000000fe180000)
 ParOldGen       total 403968K, used 96371K [0x0000000080000000, 0x0000000098a80000, 0x00000000d5580000)
  object space 403968K, 23% used [0x0000000080000000,0x0000000085e1cce8,0x0000000098a80000)
 Metaspace       used 259353K, capacity 270334K, committed 271892K, reserved 1288192K
  class space    used 30634K, capacity 32688K, committed 33084K, reserved 1048576K
}
Event: 20685.907 GC heap before
{Heap before GC invocations=94 (full 10):
 PSYoungGen      total 578560K, used 523798K [0x00000000d5580000, 0x00000000fe180000, 0x0000000100000000)
  eden space 495104K, 100% used [0x00000000d5580000,0x00000000f3900000,0x00000000f3900000)
  from space 83456K, 34% used [0x00000000f3900000,0x00000000f55059c0,0x00000000f8a80000)
  to   space 78848K, 0% used [0x00000000f9480000,0x00000000f9480000,0x00000000fe180000)
 ParOldGen       total 403968K, used 96371K [0x0000000080000000, 0x0000000098a80000, 0x00000000d5580000)
  object space 403968K, 23% used [0x0000000080000000,0x0000000085e1cce8,0x0000000098a80000)
 Metaspace       used 259611K, capacity 270784K, committed 272148K, reserved 1288192K
  class space    used 30658K, capacity 32729K, committed 33084K, reserved 1048576K
Event: 20685.954 GC heap after
Heap after GC invocations=94 (full 10):
 PSYoungGen      total 579584K, used 14710K [0x00000000d5580000, 0x00000000fdb80000, 0x0000000100000000)
  eden space 506880K, 0% used [0x00000000d5580000,0x00000000d5580000,0x00000000f4480000)
  from space 72704K, 20% used [0x00000000f9480000,0x00000000fa2dda68,0x00000000fdb80000)
  to   space 77312K, 0% used [0x00000000f4480000,0x00000000f4480000,0x00000000f9000000)
 ParOldGen       total 403968K, used 96379K [0x0000000080000000, 0x0000000098a80000, 0x00000000d5580000)
  object space 403968K, 23% used [0x0000000080000000,0x0000000085e1ece8,0x0000000098a80000)
 Metaspace       used 259611K, capacity 270784K, committed 272148K, reserved 1288192K
  class space    used 30658K, capacity 32729K, committed 33084K, reserved 1048576K
}

